<?xml version="1.0" encoding="UTF-8"?>
<testng-results ignored="0" total="1" passed="1" failed="0" skipped="0">
  <reporter-output>
  </reporter-output>
  <suite started-at="2026-03-18T14:36:35 IST" name="Default suite" finished-at="2026-03-18T14:37:06 IST" duration-ms="31053">
    <groups>
    </groups>
    <test started-at="2026-03-18T14:36:35 IST" name="Default test" finished-at="2026-03-18T14:37:06 IST" duration-ms="31053">
      <class name="testcase.org.SauceDemoLoginTests">
        <test-method is-config="true" signature="beforeSuite()[pri:0, instance:testcase.org.SauceDemoLoginTests@5dda768f]" started-at="2026-03-18T14:36:35 IST" name="beforeSuite" finished-at="2026-03-18T14:36:35 IST" duration-ms="28" status="PASS">
          <reporter-output>
          </reporter-output>
        </test-method> <!-- beforeSuite -->
        <test-method is-config="true" signature="beforeTest()[pri:0, instance:testcase.org.SauceDemoLoginTests@5dda768f]" started-at="2026-03-18T14:36:35 IST" name="beforeTest" finished-at="2026-03-18T14:36:35 IST" duration-ms="2" status="PASS">
          <reporter-output>
          </reporter-output>
        </test-method> <!-- beforeTest -->
        <test-method is-config="true" signature="beforeMethod()[pri:0, instance:testcase.org.SauceDemoLoginTests@5dda768f]" started-at="2026-03-18T14:36:35 IST" name="beforeMethod" finished-at="2026-03-18T14:36:46 IST" duration-ms="10452" status="PASS">
          <reporter-output>
          </reporter-output>
        </test-method> <!-- beforeMethod -->
        <test-method signature="validLoginTest()[pri:0, instance:testcase.org.SauceDemoLoginTests@5dda768f]" started-at="2026-03-18T14:36:46 IST" name="validLoginTest" finished-at="2026-03-18T14:37:03 IST" duration-ms="17606" status="PASS">
          <reporter-output>
          </reporter-output>
        </test-method> <!-- validLoginTest -->
        <test-method is-config="true" signature="afterMethod()[pri:0, instance:testcase.org.SauceDemoLoginTests@5dda768f]" started-at="2026-03-18T14:37:03 IST" name="afterMethod" finished-at="2026-03-18T14:37:06 IST" duration-ms="2891" status="PASS">
          <reporter-output>
          </reporter-output>
        </test-method> <!-- afterMethod -->
        <test-method is-config="true" signature="afterTest()[pri:0, instance:testcase.org.SauceDemoLoginTests@5dda768f]" started-at="2026-03-18T14:37:06 IST" name="afterTest" finished-at="2026-03-18T14:37:06 IST" duration-ms="1" status="PASS">
          <reporter-output>
          </reporter-output>
        </test-method> <!-- afterTest -->
        <test-method is-config="true" signature="afterSuite()[pri:0, instance:testcase.org.SauceDemoLoginTests@5dda768f]" started-at="2026-03-18T14:37:06 IST" name="afterSuite" finished-at="2026-03-18T14:37:06 IST" duration-ms="5" status="PASS">
          <reporter-output>
          </reporter-output>
        </test-method> <!-- afterSuite -->
      </class> <!-- testcase.org.SauceDemoLoginTests -->
    </test> <!-- Default test -->
  </suite> <!-- Default suite -->
</testng-results>
